<?xml version="1.0" encoding="UTF-8"?>
<!-- Generated by org.testng.reporters.JUnitReportReporter -->
<testsuite skipped="0" hostname="AVs-MacBook-Pro.local" name="com.actitime.test.CreateLeaveTest" tests="1" failures="0" timestamp="15 Jan 2021 01:40:35 GMT" time="12.236" errors="0">
  <testcase name="createLeave" time="12.236" classname="com.actitime.test.CreateLeaveTest"/>
</testsuite> <!-- com.actitime.test.CreateLeaveTest -->
