<?xml version="1.0" encoding="UTF-8"?>
<!-- Generated by org.testng.reporters.JUnitReportReporter -->
<testsuite skipped="0" hostname="AVs-MacBook-Pro.local" name="com.actitime.test.DeleteCustomer" tests="1" failures="0" timestamp="15 Jan 2021 01:40:40 GMT" time="10.787" errors="0">
  <testcase name="deletecustomer" time="10.787" classname="com.actitime.test.DeleteCustomer"/>
</testsuite> <!-- com.actitime.test.DeleteCustomer -->
