<?xml version="1.0" encoding="UTF-8"?>
<!-- Generated by org.testng.reporters.JUnitReportReporter -->
<testsuite skipped="0" hostname="AVs-MacBook-Pro.local" name="com.actitime.test.ActitimeTest" tests="1" failures="0" timestamp="15 Jan 2021 01:40:50 GMT" time="7.748" errors="0">
  <testcase name="logginin" time="7.748" classname="com.actitime.test.ActitimeTest"/>
</testsuite> <!-- com.actitime.test.ActitimeTest -->
