<?xml version="1.0" encoding="UTF-8"?>
<!-- Generated by org.testng.reporters.JUnitReportReporter -->
<testsuite skipped="0" hostname="AVs-MacBook-Pro.local" name="com.actitime.test.CreateCustomerTest" tests="1" failures="0" timestamp="15 Jan 2021 01:40:45 GMT" time="13.225" errors="0">
  <testcase name="createCustomer" time="13.225" classname="com.actitime.test.CreateCustomerTest"/>
</testsuite> <!-- com.actitime.test.CreateCustomerTest -->
